<?xml version="1.0" encoding="UTF-8"?>
<testsuite xmlns:xsi="http://www.w3.org/2001/XMLSchema-instance" xsi:noNamespaceSchemaLocation="https://maven.apache.org/surefire/maven-surefire-plugin/xsd/surefire-test-report-3.0.xsd" version="3.0" name="br.edu.infnet.lucas.santos.ApplicationTests" time="4.804" tests="1" errors="0" skipped="0" failures="0">
  <properties>
[...]
</properties>
  <testcase name="contextLoads" classname="br.edu.infnet.lucas.santos.ApplicationTests" time="0.281">
    <system-out><![CDATA[21:16:47.306 [main] INFO org.springframework.test.context.support.AnnotationConfigContextLoaderUtils -- Could not detect default configuration classes for test class [br.edu.infnet.lucas.santos.ApplicationTests]: ApplicationTests does not declare any static, non-private, non-final, nested classes annotated with @Configuration.
21:16:47.378 [main] INFO org.springframework.boot.test.context.SpringBootTestContextBootstrapper -- Found @SpringBootConfiguration br.edu.infnet.lucas.santos.Application for test class br.edu.infnet.lucas.santos.ApplicationTests

  .   ____          _            __ _ _
 /\\ / ___'_ __ _ _(_)_ __  __ _ \ \ \ \
( ( )\___ | '_ | '_| | '_ \/ _` | \ \ \ \
 \\/  ___)| |_)| | | | | || (_| |  ) ) ) )
  '  |____| .__|_| |_|_| |_\__, | / / / /
 =========|_|==============|___/=/_/_/_/

 :: Spring Boot ::                (v3.3.5)

2024-11-10T21:16:47.640-05:00  INFO 3692 --- [lucas.santos] [           main] b.e.i.lucas.santos.ApplicationTests      : Starting ApplicationTests using Java 23 with PID 3692 (started by Lucas Santos in C:\Users\Lucas Santos\eclipse-workspace\lucas.santos)
2024-11-10T21:16:47.641-05:00  INFO 3692 --- [lucas.santos] [           main] b.e.i.lucas.santos.ApplicationTests      : No active profile set, falling back to 1 default profile: "default"
2024-11-10T21:16:48.031-05:00  INFO 3692 --- [lucas.santos] [           main] .s.d.r.c.RepositoryConfigurationDelegate : Bootstrapping Spring Data JPA repositories in DEFAULT mode.
2024-11-10T21:16:48.061-05:00  INFO 3692 --- [lucas.santos] [           main] .s.d.r.c.RepositoryConfigurationDelegate : Finished Spring Data repository scanning in 26 ms. Found 1 JPA repository interface.
2024-11-10T21:16:48.164-05:00  INFO 3692 --- [lucas.santos] [           main] o.s.cloud.context.scope.GenericScope     : BeanFactory id=974422af-dec0-36e0-9ee9-cc11bd18e0ae
2024-11-10T21:16:48.324-05:00  INFO 3692 --- [lucas.santos] [           main] o.hibernate.jpa.internal.util.LogHelper  : HHH000204: Processing PersistenceUnitInfo [name: default]
2024-11-10T21:16:48.362-05:00  INFO 3692 --- [lucas.santos] [           main] org.hibernate.Version                    : HHH000412: Hibernate ORM core version 6.5.3.Final
2024-11-10T21:16:48.382-05:00  INFO 3692 --- [lucas.santos] [           main] o.h.c.internal.RegionFactoryInitiator    : HHH000026: Second-level cache disabled
2024-11-10T21:16:48.584-05:00  INFO 3692 --- [lucas.santos] [           main] o.s.o.j.p.SpringPersistenceUnitInfo      : No LoadTimeWeaver setup: ignoring JPA class transformer
2024-11-10T21:16:48.603-05:00  INFO 3692 --- [lucas.santos] [           main] com.zaxxer.hikari.HikariDataSource       : HikariPool-1 - Starting...
2024-11-10T21:16:48.733-05:00  INFO 3692 --- [lucas.santos] [           main] com.zaxxer.hikari.pool.HikariPool        : HikariPool-1 - Added connection conn0: url=jdbc:h2:~/articodb user=SA
2024-11-10T21:16:48.734-05:00  INFO 3692 --- [lucas.santos] [           main] com.zaxxer.hikari.HikariDataSource       : HikariPool-1 - Start completed.
2024-11-10T21:16:48.749-05:00  WARN 3692 --- [lucas.santos] [           main] org.hibernate.orm.deprecation            : HHH90000025: H2Dialect does not need to be specified explicitly using 'hibernate.dialect' (remove the property setting and it will be selected by default)
2024-11-10T21:16:49.163-05:00  INFO 3692 --- [lucas.santos] [           main] o.h.e.t.j.p.i.JtaPlatformInitiator       : HHH000489: No JTA platform available (set 'hibernate.transaction.jta.platform' to enable JTA platform integration)
Hibernate: drop table if exists tbl_cliente cascade 
Hibernate: create table tbl_cliente (id integer generated by default as identity, cpf varchar(255), email varchar(255), nome varchar(255), primary key (id))
2024-11-10T21:16:49.179-05:00  INFO 3692 --- [lucas.santos] [           main] j.LocalContainerEntityManagerFactoryBean : Initialized JPA EntityManagerFactory for persistence unit 'default'
2024-11-10T21:16:49.415-05:00  WARN 3692 --- [lucas.santos] [           main] JpaBaseConfiguration$JpaWebConfiguration : spring.jpa.open-in-view is enabled by default. Therefore, database queries may be performed during view rendering. Explicitly configure spring.jpa.open-in-view to disable this warning
2024-11-10T21:16:49.732-05:00  INFO 3692 --- [lucas.santos] [           main] o.s.b.a.h2.H2ConsoleAutoConfiguration    : H2 console available at '/h2-console'. Database available at 'jdbc:h2:~/articodb'
2024-11-10T21:16:49.778-05:00  INFO 3692 --- [lucas.santos] [           main] b.e.i.lucas.santos.ApplicationTests      : Started ApplicationTests in 2.321 seconds (process running for 2.885)
ESTADO: Rondônia
ESTADO: Acre
ESTADO: Amazonas
ESTADO: Roraima
ESTADO: Pará
ESTADO: Amapá
ESTADO: Tocantins
ESTADO: Maranhão
ESTADO: Piauí
ESTADO: Ceará
ESTADO: Rio Grande do Norte
ESTADO: Paraíba
ESTADO: Pernambuco
ESTADO: Alagoas
ESTADO: Sergipe
ESTADO: Bahia
ESTADO: Minas Gerais
ESTADO: Espírito Santo
ESTADO: Rio de Janeiro
ESTADO: São Paulo
ESTADO: Paraná
ESTADO: Santa Catarina
ESTADO: Rio Grande do Sul
ESTADO: Mato Grosso do Sul
ESTADO: Mato Grosso
ESTADO: Goiás
ESTADO: Distrito Federal
MUNICÍPIO: Angra dos Reis
MUNICÍPIO: Aperibé
MUNICÍPIO: Araruama
MUNICÍPIO: Areal
MUNICÍPIO: Armação dos Búzios
MUNICÍPIO: Arraial do Cabo
MUNICÍPIO: Barra do Piraí
MUNICÍPIO: Barra Mansa
MUNICÍPIO: Belford Roxo
MUNICÍPIO: Bom Jardim
MUNICÍPIO: Bom Jesus do Itabapoana
MUNICÍPIO: Cabo Frio
MUNICÍPIO: Cachoeiras de Macacu
MUNICÍPIO: Cambuci
MUNICÍPIO: Carapebus
MUNICÍPIO: Comendador Levy Gasparian
MUNICÍPIO: Campos dos Goytacazes
MUNICÍPIO: Cantagalo
MUNICÍPIO: Cardoso Moreira
MUNICÍPIO: Carmo
MUNICÍPIO: Casimiro de Abreu
MUNICÍPIO: Conceição de Macabu
MUNICÍPIO: Cordeiro
MUNICÍPIO: Duas Barras
MUNICÍPIO: Duque de Caxias
MUNICÍPIO: Engenheiro Paulo de Frontin
MUNICÍPIO: Guapimirim
MUNICÍPIO: Iguaba Grande
MUNICÍPIO: Itaboraí
MUNICÍPIO: Itaguaí
MUNICÍPIO: Italva
MUNICÍPIO: Itaocara
MUNICÍPIO: Itaperuna
MUNICÍPIO: Itatiaia
MUNICÍPIO: Japeri
MUNICÍPIO: Laje do Muriaé
MUNICÍPIO: Macaé
MUNICÍPIO: Macuco
MUNICÍPIO: Magé
MUNICÍPIO: Mangaratiba
MUNICÍPIO: Maricá
MUNICÍPIO: Mendes
MUNICÍPIO: Mesquita
MUNICÍPIO: Miguel Pereira
MUNICÍPIO: Miracema
MUNICÍPIO: Natividade
MUNICÍPIO: Nilópolis
MUNICÍPIO: Niterói
MUNICÍPIO: Nova Friburgo
MUNICÍPIO: Nova Iguaçu
MUNICÍPIO: Paracambi
MUNICÍPIO: Paraíba do Sul
MUNICÍPIO: Paraty
MUNICÍPIO: Paty do Alferes
MUNICÍPIO: Petrópolis
MUNICÍPIO: Pinheiral
MUNICÍPIO: Piraí
MUNICÍPIO: Porciúncula
MUNICÍPIO: Porto Real
MUNICÍPIO: Quatis
MUNICÍPIO: Queimados
MUNICÍPIO: Quissamã
MUNICÍPIO: Resende
MUNICÍPIO: Rio Bonito
MUNICÍPIO: Rio Claro
MUNICÍPIO: Rio das Flores
MUNICÍPIO: Rio das Ostras
MUNICÍPIO: Rio de Janeiro
MUNICÍPIO: Santa Maria Madalena
MUNICÍPIO: Santo Antônio de Pádua
MUNICÍPIO: São Francisco de Itabapoana
MUNICÍPIO: São Fidélis
MUNICÍPIO: São Gonçalo
MUNICÍPIO: São João da Barra
MUNICÍPIO: São João de Meriti
MUNICÍPIO: São José de Ubá
MUNICÍPIO: São José do Vale do Rio Preto
MUNICÍPIO: São Pedro da Aldeia
MUNICÍPIO: São Sebastião do Alto
MUNICÍPIO: Sapucaia
MUNICÍPIO: Saquarema
MUNICÍPIO: Seropédica
MUNICÍPIO: Silva Jardim
MUNICÍPIO: Sumidouro
MUNICÍPIO: Tanguá
MUNICÍPIO: Teresópolis
MUNICÍPIO: Trajano de Moraes
MUNICÍPIO: Três Rios
MUNICÍPIO: Valença
MUNICÍPIO: Varre-Sai
MUNICÍPIO: Vassouras
MUNICÍPIO: Volta Redonda
Hibernate: insert into tbl_cliente (cpf,email,nome,id) values (?,?,?,default)
[lsantos@clienteartico.com] Cliente Lucas Santos cadastrado com sucesso!
Hibernate: insert into tbl_cliente (cpf,email,nome,id) values (?,?,?,default)
[bgrassi@clienteartico.com] Cliente Bruna Grassi cadastrado com sucesso!
[1] Casaco 'Casaco Colecao Padrão' Unisex (Colete, Padrao, P, Sintetico) cadastrado com sucesso
[2] Casaco 'Casaco Colecao Padrão' Unisex (Colete, Padrao, M, Sintetico) cadastrado com sucesso
[3] Casaco 'Casaco Colecao Padrão' Unisex (Colete, Padrao, L, Sintetico) cadastrado com sucesso
[4] Casaco 'Casaco Colecao Padrão' Unisex (Jaqueta, Padrao, P, Sintetico) cadastrado com sucesso
[5] Casaco 'Casaco Colecao Padrão' Unisex (Jaqueta, Padrao, M, Sintetico) cadastrado com sucesso
[6] Casaco 'Casaco Colecao Padrão' Unisex (Jaqueta, Padrao, L, Sintetico) cadastrado com sucesso
[7] Casaco 'Casaco Colecao Padrão' Unisex (Jaqueta, PessoaAlta, L, Sintetico) cadastrado com sucesso
[8] Casaco 'Casaco Colecao Padrão' Unisex (Parka, Padrao, P, Sintetico) cadastrado com sucesso
[9] Casaco 'Casaco Colecao Padrão' Unisex (Parka, Padrao, M, Sintetico) cadastrado com sucesso
[10] Casaco 'Casaco Colecao Padrão' Unisex (Parka, Padrao, L, Sintetico) cadastrado com sucesso
[11] Casaco 'Casaco Colecao Premium' Unisex (Colete, Padrao, P, Penas) cadastrado com sucesso
[12] Casaco 'Casaco Colecao Premium' Unisex (Colete, Padrao, M, Penas) cadastrado com sucesso
[13] Casaco 'Casaco Colecao Premium' Unisex (Colete, Padrao, L, Penas) cadastrado com sucesso
[14] Casaco 'Casaco Colecao Premium' Unisex (Jaqueta, Padrao, P, Penas) cadastrado com sucesso
[15] Casaco 'Casaco Colecao Premium' Unisex (Jaqueta, PessoaAlta, M, Penas) cadastrado com sucesso
[16] Casaco 'Casaco Colecao Premium' Unisex (Jaqueta, Padrao, L, Penas) cadastrado com sucesso
[17] Casaco 'Casaco Colecao Premium' Unisex (Parka, Padrao, P, Penas) cadastrado com sucesso
[18] Casaco 'Casaco Colecao Premium' Unisex (Parka, Padrao, M, Penas) cadastrado com sucesso
[19] Casaco 'Casaco Colecao Premium' Unisex (Parka, Padrao, L, Penas) cadastrado com sucesso
[21] Calçado 'Bota para frio' Masculino (Bota, 40) cadastrado com sucesso
[22] Calçado 'Bota para frio' Masculino (Bota, 43) cadastrado com sucesso
[23] Calçado 'Bota para frio' Masculino (Bota, 44) cadastrado com sucesso
[24] Calçado 'Bota para frio' Masculino (Bota, 46) cadastrado com sucesso
[25] Calçado 'Bota para frio' Feminino (Bota, 34) cadastrado com sucesso
[26] Calçado 'Bota para frio' Feminino (Bota, 36) cadastrado com sucesso
[27] Calçado 'Bota para frio' Feminino (Bota, 38) cadastrado com sucesso
[28] Calçado 'Bota para frio intenso' Masculino (BotaInverno, 40) cadastrado com sucesso
[29] Calçado 'Bota para frio intenso' Masculino (BotaInverno, 43) cadastrado com sucesso
[30] Calçado 'Bota para frio intenso' Masculino (BotaInverno, 44) cadastrado com sucesso
[31] Calçado 'Bota para frio intenso' Feminino (BotaInverno, 34) cadastrado com sucesso
[32] Calçado 'Bota para frio intenso' Feminino (BotaInverno, 36) cadastrado com sucesso
[33] Calçado 'Bota para frio intenso' Feminino (BotaInverno, 38) cadastrado com sucesso
[34] Calçado 'Acompanha nas suas trilhas' Unisex (Tenis, 34) cadastrado com sucesso
[35] Calçado 'Acompanha nas suas trilhas' Unisex (Tenis, 36) cadastrado com sucesso
[36] Calçado 'Acompanha nas suas trilhas' Unisex (Tenis, 38) cadastrado com sucesso
[37] Calçado 'Acompanha nas suas trilhas' Unisex (Tenis, 40) cadastrado com sucesso
[38] Calçado 'Acompanha nas suas trilhas' Unisex (Tenis, 44) cadastrado com sucesso
Hibernate: select c1_0.id,c1_0.cpf,c1_0.email,c1_0.nome from tbl_cliente c1_0 where c1_0.email=?
[2024-10-18] Ordem para cliente Lucas Santos cadastrada com sucesso!
Hibernate: select c1_0.id,c1_0.cpf,c1_0.email,c1_0.nome from tbl_cliente c1_0 where c1_0.email=?
[2024-11-03] Ordem para cliente Lucas Santos cadastrada com sucesso!
Hibernate: select c1_0.id,c1_0.cpf,c1_0.email,c1_0.nome from tbl_cliente c1_0 where c1_0.email=?
[2024-09-21] Ordem para cliente Bruna Grassi cadastrada com sucesso!
]]></system-out>
    <system-err><![CDATA[WARNING: A Java agent has been loaded dynamically (C:\Users\Lucas Santos\.m2\repository\net\bytebuddy\byte-buddy-agent\1.14.19\byte-buddy-agent-1.14.19.jar)
WARNING: If a serviceability tool is in use, please run with -XX:+EnableDynamicAgentLoading to hide this warning
WARNING: If a serviceability tool is not in use, please run with -Djdk.instrument.traceUsage for more information
WARNING: Dynamic loading of agents will be disallowed by default in a future release
]]></system-err>
  </testcase>
</testsuite>